Using pre-set license
Built from '2022.3/staging' branch; Version is '2022.3.34f1 (4886f5360533) revision 4753141'; Using compiler version '192829333'; Build Type 'Release'
OS: 'Windows 10  (10.0.19045) 64bit CoreSingleLanguage' Language: 'ru' Physical Memory: 3471 MB
BatchMode: 1, IsHumanControllingUs: 0, StartBugReporterOnCrash: 0, Is64bit: 1, IsPro: 1

COMMAND LINE ARGUMENTS:
D:\unity\2022.3.34f1\Editor\Unity.exe
-adb2
-batchMode
-noUpm
-name
AssetImportWorker2
-projectPath
E:/project/gitgame
-logFile
Logs/AssetImportWorker2.log
-srvPort
63828
Successfully changed project path to: E:/project/gitgame
E:/project/gitgame
[UnityMemory] Configuration Parameters - Can be set up in boot.config
    "memorysetup-bucket-allocator-granularity=16"
    "memorysetup-bucket-allocator-bucket-count=8"
    "memorysetup-bucket-allocator-block-size=33554432"
    "memorysetup-bucket-allocator-block-count=8"
    "memorysetup-main-allocator-block-size=16777216"
    "memorysetup-thread-allocator-block-size=16777216"
    "memorysetup-gfx-main-allocator-block-size=16777216"
    "memorysetup-gfx-thread-allocator-block-size=16777216"
    "memorysetup-cache-allocator-block-size=4194304"
    "memorysetup-typetree-allocator-block-size=2097152"
    "memorysetup-profiler-bucket-allocator-granularity=16"
    "memorysetup-profiler-bucket-allocator-bucket-count=8"
    "memorysetup-profiler-bucket-allocator-block-size=33554432"
    "memorysetup-profiler-bucket-allocator-block-count=8"
    "memorysetup-profiler-allocator-block-size=16777216"
    "memorysetup-profiler-editor-allocator-block-size=1048576"
    "memorysetup-temp-allocator-size-main=16777216"
    "memorysetup-job-temp-allocator-block-size=2097152"
    "memorysetup-job-temp-allocator-block-size-background=1048576"
    "memorysetup-job-temp-allocator-reduction-small-platforms=262144"
    "memorysetup-allocator-temp-initial-block-size-main=262144"
    "memorysetup-allocator-temp-initial-block-size-worker=262144"
    "memorysetup-temp-allocator-size-background-worker=32768"
    "memorysetup-temp-allocator-size-job-worker=262144"
    "memorysetup-temp-allocator-size-preload-manager=33554432"
    "memorysetup-temp-allocator-size-nav-mesh-worker=65536"
    "memorysetup-temp-allocator-size-audio-worker=65536"
    "memorysetup-temp-allocator-size-cloud-worker=32768"
    "memorysetup-temp-allocator-size-gi-baking-worker=262144"
    "memorysetup-temp-allocator-size-gfx=262144"
Player connection [13252] Host "[IP] 172.22.11.160 [Port] 0 [Flags] 2 [Guid] 130300347 [EditorId] 130300347 [Version] 1048832 [Id] WindowsEditor(7,LAPTOP-45DC8RAE) [Debug] 1 [PackageName] WindowsEditor [ProjectName] Editor" joined multi-casting on [225.0.0.222:54997]...

Player connection [13252] Host "[IP] 172.22.11.160 [Port] 0 [Flags] 2 [Guid] 130300347 [EditorId] 130300347 [Version] 1048832 [Id] WindowsEditor(7,LAPTOP-45DC8RAE) [Debug] 1 [PackageName] WindowsEditor [ProjectName] Editor" joined alternative multi-casting on [225.0.0.222:34997]...

[PhysX] Initialized MultithreadedTaskDispatcher with 2 workers.
Refreshing native plugins compatible for Editor in 14280.00 ms, found 4 plugins.
Preloading 0 native plugins for Editor in 0.00 ms.
Initialize engine version: 2022.3.34f1 (4886f5360533)
[Subsystems] Discovering subsystems at path D:/unity/2022.3.34f1/Editor/Data/Resources/UnitySubsystems
[Subsystems] Discovering subsystems at path E:/project/gitgame/Assets
GfxDevice: creating device client; threaded=0; jobified=0
Direct3D:
    Version:  Direct3D 11.0 [level 11.1]
    Renderer: AMD Radeon(TM) R4 Graphics (ID=0x98e4)
    Vendor:   ATI
    VRAM:     1735 MB
    Driver:   27.20.1032.2
Shader Hidden/ProbeVolume/VoxelizeScene is not supported: GPU does not support conservative rasterization
Initialize mono
Mono path[0] = 'D:/unity/2022.3.34f1/Editor/Data/Managed'
Mono path[1] = 'D:/unity/2022.3.34f1/Editor/Data/MonoBleedingEdge/lib/mono/unityjit-win32'
Mono config path = 'D:/unity/2022.3.34f1/Editor/Data/MonoBleedingEdge/etc'
Using monoOptions --debugger-agent=transport=dt_socket,embedding=1,server=y,suspend=n,address=127.0.0.1:56364
Begin MonoManager ReloadAssembly
Registering precompiled unity dll's ...
Register platform support module: D:/unity/2022.3.34f1/Editor/Data/PlaybackEngines/AndroidPlayer/UnityEditor.Android.Extensions.dll
Register platform support module: D:/unity/2022.3.34f1/Editor/Data/PlaybackEngines/WindowsStandaloneSupport/UnityEditor.WindowsStandalone.Extensions.dll
Registered in 0.101851 seconds.
- Loaded All Assemblies, in 17.565 seconds
Native extension for WindowsStandalone target not found
Native extension for Android target not found
Android Extension - Scanning For ADB Devices 17416 ms
Mono: successfully reloaded assembly
- Finished resetting the current domain, in 31.509 seconds
Domain Reload Profiling: 49069ms
	BeginReloadAssembly (4675ms)
		ExecutionOrderSort (0ms)
		DisableScriptedObjects (0ms)
		BackupInstance (0ms)
		ReleaseScriptingObjects (0ms)
		CreateAndSetChildDomain (127ms)
	RebuildCommonClasses (2050ms)
	RebuildNativeTypeToScriptingClass (1279ms)
	initialDomainReloadingComplete (1901ms)
	LoadAllAssembliesAndSetupDomain (7645ms)
		LoadAssemblies (4468ms)
		RebuildTransferFunctionScriptingTraits (0ms)
		AnalyzeDomain (7597ms)
			TypeCache.Refresh (7567ms)
				TypeCache.ScanAssembly (7310ms)
			ScanForSourceGeneratedMonoScriptInfo (14ms)
			ResolveRequiredComponents (8ms)
	FinalizeReload (31520ms)
		ReleaseScriptCaches (0ms)
		RebuildScriptCaches (0ms)
		SetupLoadedEditorAssemblies (28370ms)
			LogAssemblyErrors (0ms)
			InitializePlatformSupportModulesInManaged (21421ms)
			SetLoadedEditorAssemblies (72ms)
			RefreshPlugins (0ms)
			BeforeProcessingInitializeOnLoad (77ms)
			ProcessInitializeOnLoadAttributes (4725ms)
			ProcessInitializeOnLoadMethodAttributes (2069ms)
			AfterProcessingInitializeOnLoad (1ms)
			EditorAssembliesLoaded (7ms)
		ExecutionOrderSort2 (0ms)
		AwakeInstancesAfterBackupRestoration (0ms)
========================================================================
Worker process is ready to serve import requests
Begin MonoManager ReloadAssembly
- Loaded All Assemblies, in 107.366 seconds
Refreshing native plugins compatible for Editor in 959.50 ms, found 4 plugins.
Native extension for WindowsStandalone target not found
Native extension for Android target not found
Package Manager log level set to [2]
[Package Manager] Server::EnsureServerProcessIsRunning -- launch failed, reason: Unity was launched with the -noUpm command-line argument
[Package Manager] UpmClient::Send -- Unable to send message (not connected to UPM process).
[Package Manager] Cannot connect to Unity Package Manager local server
Mono: successfully reloaded assembly
- Finished resetting the current domain, in 18.940 seconds
Domain Reload Profiling: 126602ms
	BeginReloadAssembly (23669ms)
		ExecutionOrderSort (25ms)
		DisableScriptedObjects (576ms)
		BackupInstance (0ms)
		ReleaseScriptingObjects (26ms)
		CreateAndSetChildDomain (3074ms)
	RebuildCommonClasses (867ms)
	RebuildNativeTypeToScriptingClass (170ms)
	initialDomainReloadingComplete (1949ms)
	LoadAllAssembliesAndSetupDomain (80984ms)
		LoadAssemblies (78409ms)
		RebuildTransferFunctionScriptingTraits (0ms)
		AnalyzeDomain (6647ms)
			TypeCache.Refresh (5549ms)
				TypeCache.ScanAssembly (4532ms)
			ScanForSourceGeneratedMonoScriptInfo (853ms)
			ResolveRequiredComponents (239ms)
	FinalizeReload (18965ms)
		ReleaseScriptCaches (0ms)
		RebuildScriptCaches (0ms)
		SetupLoadedEditorAssemblies (12769ms)
			LogAssemblyErrors (0ms)
			InitializePlatformSupportModulesInManaged (653ms)
			SetLoadedEditorAssemblies (258ms)
			RefreshPlugins (0ms)
			BeforeProcessingInitializeOnLoad (2046ms)
			ProcessInitializeOnLoadAttributes (7776ms)
			ProcessInitializeOnLoadMethodAttributes (1988ms)
			AfterProcessingInitializeOnLoad (34ms)
			EditorAssembliesLoaded (10ms)
		ExecutionOrderSort2 (1ms)
		AwakeInstancesAfterBackupRestoration (93ms)
Shader Hidden/ProbeVolume/VoxelizeScene is not supported: GPU does not support conservative rasterization
Launched and connected shader compiler UnityShaderCompiler.exe after 1.94 seconds
Refreshing native plugins compatible for Editor in 837.27 ms, found 4 plugins.
Preloading 0 native plugins for Editor in 0.00 ms.
Unloading 5819 Unused Serialized files (Serialized files now loaded: 0)
Unloading 101 unused Assets / (0.9 MB). Loaded Objects now: 6267.
Memory consumption went from 226.1 MB to 225.2 MB.
Total: 596.008200 ms (FindLiveObjects: 28.150600 ms CreateObjectMapping: 1.300500 ms MarkObjects: 488.601400 ms  DeleteObjects: 77.949800 ms)

AssetImportParameters requested are different than current active one (requested -> active):
  custom:container-demuxer-ogg: 62fdf1f143b41e24485cea50d1cbac27 -> 
  custom:video-codec-MediaFoundation-h265: 746d11721c4dcdbdad8f713fa42b33f4 -> 
  custom:video-decoder-ogg-theora: a1e56fd34408186e4bbccfd4996cb3dc -> 
  custom:framework-win-MediaFoundation: 216162199b28c13a410421893ffa2e32 -> 
  custom:CustomObjectIndexerAttribute: 72b91833f83ae208fae7752999fa3104 -> 
  custom:container-demuxer-webm: 4f35f7cbe854078d1ac9338744f61a02 -> 
  custom:container-muxer-webm: aa71ff27fc2769a1b78a27578f13a17b -> 
  custom:video-decoder-webm-vp8: 9c59270c3fd7afecdb556c50c9e8de78 -> 
  custom:SearchIndexIgnoredProperties: e643bd26f0fe6173181afceb89e7c659 -> 
  custom:AudioImporter_EditorPlatform: d09bf68614088b80899f8185d706f6e7 -> 
  custom:video-encoder-webm-vp8: eb34c28f22e8b96e1ab97ce403110664 -> 
  custom:audio-decoder-ogg-vorbis: bf7c407c2cedff20999df2af8eb42d56 -> 
  custom:audio-encoder-webm-vorbis: bf7c407c2cedff20999df2af8eb42d56 -> 
========================================================================
Received Import Request.
  Time since last request: 120875.587519 seconds.
  path: Assets/monsters/Skelet/scripts
  artifactKey: Guid(ab21a8076d8ba694792eba7a8a0a418a) Importer(815301076,1909f56bfc062723c751e8b465ee728b)
Start importing Assets/monsters/Skelet/scripts using Guid(ab21a8076d8ba694792eba7a8a0a418a) Importer(815301076,1909f56bfc062723c751e8b465ee728b) [PhysX] Initialized MultithreadedTaskDispatcher with 2 workers.
 -> (artifact id: '919e2654efb092e7873b6f7747f774c8') in 0.319549 seconds
Number of updated asset objects reloaded before import = 0
Number of asset objects unloaded after import = 0
========================================================================
Received Import Request.
  Time since last request: 0.000094 seconds.
  path: Assets/hero/scripts
  artifactKey: Guid(d79799ce8ec853e41b88da2cfa8fba6c) Importer(815301076,1909f56bfc062723c751e8b465ee728b)
Start importing Assets/hero/scripts using Guid(d79799ce8ec853e41b88da2cfa8fba6c) Importer(815301076,1909f56bfc062723c751e8b465ee728b) [PhysX] Initialized MultithreadedTaskDispatcher with 2 workers.
 -> (artifact id: 'aaae87f0b48942dec8be4e1c2b27f6c9') in 0.006642 seconds
Number of updated asset objects reloaded before import = 0
Number of asset objects unloaded after import = 0
========================================================================
Received Import Request.
  Time since last request: 0.000207 seconds.
  path: Assets/UniversalRenderPipelineGlobalSettings.asset
  artifactKey: Guid(8892338823e488641b6bc3e1ce520ad7) Importer(815301076,1909f56bfc062723c751e8b465ee728b)
Start importing Assets/UniversalRenderPipelineGlobalSettings.asset using Guid(8892338823e488641b6bc3e1ce520ad7) Importer(815301076,1909f56bfc062723c751e8b465ee728b) [PhysX] Initialized MultithreadedTaskDispatcher with 2 workers.
 -> (artifact id: '8b33393eb35a85ac9450e4a7c8f45bba') in 0.707703 seconds
Number of updated asset objects reloaded before import = 0
Number of asset objects unloaded after import = 1
========================================================================
Received Import Request.
  Time since last request: 0.000781 seconds.
  path: Assets/icon.png
  artifactKey: Guid(bfd8a11d09b1abd43ac9f7a18055957e) Importer(815301076,1909f56bfc062723c751e8b465ee728b)
Start importing Assets/icon.png using Guid(bfd8a11d09b1abd43ac9f7a18055957e) Importer(815301076,1909f56bfc062723c751e8b465ee728b) [PhysX] Initialized MultithreadedTaskDispatcher with 2 workers.
[PhysX] Initialized MultithreadedTaskDispatcher with 2 workers.
 -> (artifact id: '8014903ba33d9cbf5d84463fd95708aa') in 1.544921 seconds
Number of updated asset objects reloaded before import = 0
Number of asset objects unloaded after import = 3
========================================================================
Received Import Request.
  Time since last request: 0.000080 seconds.
  path: Assets/monsters/maneken.png
  artifactKey: Guid(a2e369d128c36ac4b82fb53679c2d51d) Importer(815301076,1909f56bfc062723c751e8b465ee728b)
Start importing Assets/monsters/maneken.png using Guid(a2e369d128c36ac4b82fb53679c2d51d) Importer(815301076,1909f56bfc062723c751e8b465ee728b) [PhysX] Initialized MultithreadedTaskDispatcher with 2 workers.
[PhysX] Initialized MultithreadedTaskDispatcher with 2 workers.
 -> (artifact id: '51d7b5dc8837c94f726b88c81849dcaf') in 0.222351 seconds
Number of updated asset objects reloaded before import = 0
Number of asset objects unloaded after import = 3
========================================================================
Received Import Request.
  Time since last request: 0.001346 seconds.
  path: Assets/Untitled 05-16-2024 05-51-11.png
  artifactKey: Guid(8a6246c578af4e24ba4699171fe5c79c) Importer(815301076,1909f56bfc062723c751e8b465ee728b)
Start importing Assets/Untitled 05-16-2024 05-51-11.png using Guid(8a6246c578af4e24ba4699171fe5c79c) Importer(815301076,1909f56bfc062723c751e8b465ee728b) [PhysX] Initialized MultithreadedTaskDispatcher with 2 workers.
[PhysX] Initialized MultithreadedTaskDispatcher with 2 workers.
 -> (artifact id: '599c2035f2141912addca82e77c73fa9') in 1.695915 seconds
Number of updated asset objects reloaded before import = 0
Number of asset objects unloaded after import = 3
========================================================================
Received Import Request.
  Time since last request: 0.014680 seconds.
  path: Assets/hero/scripts/Hero.cs
  artifactKey: Guid(4cb70ef7ed5223442a802f192c762798) Importer(815301076,1909f56bfc062723c751e8b465ee728b)
Start importing Assets/hero/scripts/Hero.cs using Guid(4cb70ef7ed5223442a802f192c762798) Importer(815301076,1909f56bfc062723c751e8b465ee728b) [PhysX] Initialized MultithreadedTaskDispatcher with 2 workers.
 -> (artifact id: '80399ad4884ad87975dfbdd6989b955e') in 0.004117 seconds
Number of updated asset objects reloaded before import = 0
Number of asset objects unloaded after import = 0
========================================================================
Received Import Request.
  Time since last request: 0.000902 seconds.
  path: Assets/hero
  artifactKey: Guid(b5a12e248bc954240be3cb19aaddc88b) Importer(815301076,1909f56bfc062723c751e8b465ee728b)
Start importing Assets/hero using Guid(b5a12e248bc954240be3cb19aaddc88b) Importer(815301076,1909f56bfc062723c751e8b465ee728b) [PhysX] Initialized MultithreadedTaskDispatcher with 2 workers.
 -> (artifact id: '3ba5b72880a54e011aa4e840bb890832') in 0.005572 seconds
Number of updated asset objects reloaded before import = 0
Number of asset objects unloaded after import = 0
========================================================================
Received Import Request.
  Time since last request: 0.002021 seconds.
  path: Assets/monsters
  artifactKey: Guid(dbc81a4984844204abbaabc68df65e6b) Importer(815301076,1909f56bfc062723c751e8b465ee728b)
Start importing Assets/monsters using Guid(dbc81a4984844204abbaabc68df65e6b) Importer(815301076,1909f56bfc062723c751e8b465ee728b) [PhysX] Initialized MultithreadedTaskDispatcher with 2 workers.
 -> (artifact id: '018032c698275a21d567f1dda668530b') in 0.004242 seconds
Number of updated asset objects reloaded before import = 0
Number of asset objects unloaded after import = 0
========================================================================
Received Import Request.
  Time since last request: 0.000613 seconds.
  path: Assets/monsters/Skelet
  artifactKey: Guid(07740bd01b87b594aaf7a8d9a8933b5c) Importer(815301076,1909f56bfc062723c751e8b465ee728b)
Start importing Assets/monsters/Skelet using Guid(07740bd01b87b594aaf7a8d9a8933b5c) Importer(815301076,1909f56bfc062723c751e8b465ee728b) [PhysX] Initialized MultithreadedTaskDispatcher with 2 workers.
 -> (artifact id: '7e74cd5e59823dfaf2e935513b0b755b') in 0.003515 seconds
Number of updated asset objects reloaded before import = 0
Number of asset objects unloaded after import = 0
========================================================================
Received Import Request.
  Time since last request: 943.340848 seconds.
  path: Assets/Cainos
  artifactKey: Guid(c5211fbcba071e5468d78fd229cdfac5) Importer(815301076,1909f56bfc062723c751e8b465ee728b)
Start importing Assets/Cainos using Guid(c5211fbcba071e5468d78fd229cdfac5) Importer(815301076,1909f56bfc062723c751e8b465ee728b) [PhysX] Initialized MultithreadedTaskDispatcher with 2 workers.
 -> (artifact id: 'c86944a8453113c6bddfc4996646efe0') in 0.358901 seconds
Number of updated asset objects reloaded before import = 0
Number of asset objects unloaded after import = 0
========================================================================
Received Import Request.
  Time since last request: 0.003702 seconds.
  path: Assets/Free UI build package
  artifactKey: Guid(fa4e4b00fc401804ca01c69c117ca125) Importer(815301076,1909f56bfc062723c751e8b465ee728b)
Start importing Assets/Free UI build package using Guid(fa4e4b00fc401804ca01c69c117ca125) Importer(815301076,1909f56bfc062723c751e8b465ee728b) [PhysX] Initialized MultithreadedTaskDispatcher with 2 workers.
 -> (artifact id: '847f89ee913470e5bd495f74db5674f2') in 0.042620 seconds
Number of updated asset objects reloaded before import = 0
Number of asset objects unloaded after import = 0
========================================================================
Received Import Request.
  Time since last request: 0.886675 seconds.
  path: Assets/Free UI build package/Art
  artifactKey: Guid(7f0e1c3795e334b57831aad4937e4a76) Importer(815301076,1909f56bfc062723c751e8b465ee728b)
Start importing Assets/Free UI build package/Art using Guid(7f0e1c3795e334b57831aad4937e4a76) Importer(815301076,1909f56bfc062723c751e8b465ee728b) [PhysX] Initialized MultithreadedTaskDispatcher with 2 workers.
 -> (artifact id: 'a1149229489338ad2e13a691e1534200') in 0.029627 seconds
Number of updated asset objects reloaded before import = 0
Number of asset objects unloaded after import = 0
========================================================================
Received Import Request.
  Time since last request: 0.198014 seconds.
  path: Assets/Free UI build package/Art/Bars_Unity.png
  artifactKey: Guid(34ecf51bcd3f4424eafda7dafd885bd0) Importer(815301076,1909f56bfc062723c751e8b465ee728b)
Start importing Assets/Free UI build package/Art/Bars_Unity.png using Guid(34ecf51bcd3f4424eafda7dafd885bd0) Importer(815301076,1909f56bfc062723c751e8b465ee728b) [PhysX] Initialized MultithreadedTaskDispatcher with 2 workers.
[PhysX] Initialized MultithreadedTaskDispatcher with 2 workers.
 -> (artifact id: '00004ac65985c8d73f7e1d4abfb05103') in 18.332521 seconds
Number of updated asset objects reloaded before import = 0
Number of asset objects unloaded after import = 41
========================================================================
Received Import Request.
  Time since last request: 196.691429 seconds.
  path: Assets/monsters/Something/Sprites/BLOOD.png
  artifactKey: Guid(437bab18899c4624cb783e014c49c480) Importer(815301076,1909f56bfc062723c751e8b465ee728b)
Start importing Assets/monsters/Something/Sprites/BLOOD.png using Guid(437bab18899c4624cb783e014c49c480) Importer(815301076,1909f56bfc062723c751e8b465ee728b) [PhysX] Initialized MultithreadedTaskDispatcher with 2 workers.
[PhysX] Initialized MultithreadedTaskDispatcher with 2 workers.
 -> (artifact id: 'd06e1e611f1928ca554eecdac6a2ffd2') in 7.883779 seconds
Number of updated asset objects reloaded before import = 0
Number of asset objects unloaded after import = 15
========================================================================
Received Import Request.
  Time since last request: 13.127738 seconds.
  path: Assets/Free UI build package/Demo
  artifactKey: Guid(131a6b21c8605f84396be9f6751fb6e3) Importer(815301076,1909f56bfc062723c751e8b465ee728b)
Start importing Assets/Free UI build package/Demo using Guid(131a6b21c8605f84396be9f6751fb6e3) Importer(815301076,1909f56bfc062723c751e8b465ee728b) [PhysX] Initialized MultithreadedTaskDispatcher with 2 workers.
 -> (artifact id: 'dda84a1021831d3c2cbfc9e215c4f00a') in 0.020403 seconds
Number of updated asset objects reloaded before import = 0
Number of asset objects unloaded after import = 0
========================================================================
Received Import Request.
  Time since last request: 2.375913 seconds.
  path: Assets/Free UI build package/Prefabs
  artifactKey: Guid(6054b74220cb44f08b0b5611e43b9037) Importer(815301076,1909f56bfc062723c751e8b465ee728b)
Start importing Assets/Free UI build package/Prefabs using Guid(6054b74220cb44f08b0b5611e43b9037) Importer(815301076,1909f56bfc062723c751e8b465ee728b) [PhysX] Initialized MultithreadedTaskDispatcher with 2 workers.
 -> (artifact id: 'c9fddc2773848fdb9601b1979e18a548') in 0.020797 seconds
Number of updated asset objects reloaded before import = 0
Number of asset objects unloaded after import = 0
========================================================================
Received Import Request.
  Time since last request: 1.338418 seconds.
  path: Assets/Free UI build package/Prefabs/Gray
  artifactKey: Guid(fbaca1885395f40cc9c41ae699309aeb) Importer(815301076,1909f56bfc062723c751e8b465ee728b)
Start importing Assets/Free UI build package/Prefabs/Gray using Guid(fbaca1885395f40cc9c41ae699309aeb) Importer(815301076,1909f56bfc062723c751e8b465ee728b) [PhysX] Initialized MultithreadedTaskDispatcher with 2 workers.
 -> (artifact id: '4dc68dd08a65cf4f8a8448c357e7bc29') in 0.010388 seconds
Number of updated asset objects reloaded before import = 0
Number of asset objects unloaded after import = 0
========================================================================
Received Import Request.
  Time since last request: 2.193084 seconds.
  path: Assets/Free UI build package/Prefabs/Gray/Bars
  artifactKey: Guid(2315d73be133246a3894ed5a535ad110) Importer(815301076,1909f56bfc062723c751e8b465ee728b)
Start importing Assets/Free UI build package/Prefabs/Gray/Bars using Guid(2315d73be133246a3894ed5a535ad110) Importer(815301076,1909f56bfc062723c751e8b465ee728b) [PhysX] Initialized MultithreadedTaskDispatcher with 2 workers.
 -> (artifact id: 'ed1e428bdfa98a4eef7d91844d807907') in 0.005558 seconds
Number of updated asset objects reloaded before import = 0
Number of asset objects unloaded after import = 0
========================================================================
Received Import Request.
  Time since last request: 0.009323 seconds.
  path: Assets/Free UI build package/Prefabs/Gray/Bars/Bar_1.prefab
  artifactKey: Guid(ad84c37a896f54e1180d600bd7746b95) Importer(815301076,1909f56bfc062723c751e8b465ee728b)
Start importing Assets/Free UI build package/Prefabs/Gray/Bars/Bar_1.prefab using Guid(ad84c37a896f54e1180d600bd7746b95) Importer(815301076,1909f56bfc062723c751e8b465ee728b) [PhysX] Initialized MultithreadedTaskDispatcher with 2 workers.
 -> (artifact id: '038541619544c05b9c46333f147bf72b') in 3.537332 seconds
Number of updated asset objects reloaded before import = 0
Number of asset objects unloaded after import = 19
========================================================================
Received Import Request.
  Time since last request: 0.001015 seconds.
  path: Assets/Free UI build package/Prefabs/Gray/Bars/Bar_11.prefab
  artifactKey: Guid(86af10e34574a478c91e0ae5121fcef3) Importer(815301076,1909f56bfc062723c751e8b465ee728b)
Start importing Assets/Free UI build package/Prefabs/Gray/Bars/Bar_11.prefab using Guid(86af10e34574a478c91e0ae5121fcef3) Importer(815301076,1909f56bfc062723c751e8b465ee728b) [PhysX] Initialized MultithreadedTaskDispatcher with 2 workers.
 -> (artifact id: '6ba84c4e8540a05a6f2a99296e08b4b5') in 0.036877 seconds
Number of updated asset objects reloaded before import = 0
Number of asset objects unloaded after import = 18
========================================================================
Received Import Request.
  Time since last request: 0.000065 seconds.
  path: Assets/Free UI build package/Prefabs/Gray/Bars/Bar_8.prefab
  artifactKey: Guid(0391be0a01c444691ab52cff30d475ca) Importer(815301076,1909f56bfc062723c751e8b465ee728b)
Start importing Assets/Free UI build package/Prefabs/Gray/Bars/Bar_8.prefab using Guid(0391be0a01c444691ab52cff30d475ca) Importer(815301076,1909f56bfc062723c751e8b465ee728b) [PhysX] Initialized MultithreadedTaskDispatcher with 2 workers.
 -> (artifact id: 'a4dfd30a2f68beeb252036a41e998b1e') in 0.470789 seconds
Number of updated asset objects reloaded before import = 0
Number of asset objects unloaded after import = 41
========================================================================
Received Import Request.
  Time since last request: 0.000839 seconds.
  path: Assets/Free UI build package/Prefabs/Gray/Bars/Bar_4.prefab
  artifactKey: Guid(54c6f02ef9f2841c899514793267226c) Importer(815301076,1909f56bfc062723c751e8b465ee728b)
Start importing Assets/Free UI build package/Prefabs/Gray/Bars/Bar_4.prefab using Guid(54c6f02ef9f2841c899514793267226c) Importer(815301076,1909f56bfc062723c751e8b465ee728b) [PhysX] Initialized MultithreadedTaskDispatcher with 2 workers.
 -> (artifact id: 'd5eeee29ab76eddeb980811bc038a1ef') in 0.024162 seconds
Number of updated asset objects reloaded before import = 0
Number of asset objects unloaded after import = 19
========================================================================
Received Import Request.
  Time since last request: 0.000048 seconds.
  path: Assets/Free UI build package/Prefabs/Gray/Bars/Bar_2.prefab
  artifactKey: Guid(05db22e73067f47298102cd2a70e73b3) Importer(815301076,1909f56bfc062723c751e8b465ee728b)
Start importing Assets/Free UI build package/Prefabs/Gray/Bars/Bar_2.prefab using Guid(05db22e73067f47298102cd2a70e73b3) Importer(815301076,1909f56bfc062723c751e8b465ee728b) [PhysX] Initialized MultithreadedTaskDispatcher with 2 workers.
 -> (artifact id: 'def902bf7aa12faf487770f886953759') in 0.029025 seconds
Number of updated asset objects reloaded before import = 0
Number of asset objects unloaded after import = 19
========================================================================
Received Import Request.
  Time since last request: 0.000057 seconds.
  path: Assets/Free UI build package/Prefabs/Gray/Bars/Bar_6.prefab
  artifactKey: Guid(bbcb66920fbd944c18ce1bc45e58acea) Importer(815301076,1909f56bfc062723c751e8b465ee728b)
Start importing Assets/Free UI build package/Prefabs/Gray/Bars/Bar_6.prefab using Guid(bbcb66920fbd944c18ce1bc45e58acea) Importer(815301076,1909f56bfc062723c751e8b465ee728b) [PhysX] Initialized MultithreadedTaskDispatcher with 2 workers.
 -> (artifact id: '5498a3ffe75cdbfc79714431204c4dd0') in 0.044391 seconds
Number of updated asset objects reloaded before import = 0
Number of asset objects unloaded after import = 79
========================================================================
Received Import Request.
  Time since last request: 0.000448 seconds.
  path: Assets/Free UI build package/Prefabs/Gray/Bars/Bar_9.prefab
  artifactKey: Guid(4d60074dd110e4fdda7cd238bb49b116) Importer(815301076,1909f56bfc062723c751e8b465ee728b)
Start importing Assets/Free UI build package/Prefabs/Gray/Bars/Bar_9.prefab using Guid(4d60074dd110e4fdda7cd238bb49b116) Importer(815301076,1909f56bfc062723c751e8b465ee728b) [PhysX] Initialized MultithreadedTaskDispatcher with 2 workers.
 -> (artifact id: '24bbac73d5b4328e3d33e442eb71dc21') in 0.014522 seconds
Number of updated asset objects reloaded before import = 0
Number of asset objects unloaded after import = 51
========================================================================
Received Import Request.
  Time since last request: 0.000054 seconds.
  path: Assets/Free UI build package/Prefabs/Gray/Bars/Bar_3.prefab
  artifactKey: Guid(c50c512aa19fa40719a893c3e8d42022) Importer(815301076,1909f56bfc062723c751e8b465ee728b)
Start importing Assets/Free UI build package/Prefabs/Gray/Bars/Bar_3.prefab using Guid(c50c512aa19fa40719a893c3e8d42022) Importer(815301076,1909f56bfc062723c751e8b465ee728b) [PhysX] Initialized MultithreadedTaskDispatcher with 2 workers.
 -> (artifact id: '5f7ca896bba1446b8a9bda453612a4c5') in 0.037621 seconds
Number of updated asset objects reloaded before import = 0
Number of asset objects unloaded after import = 19
========================================================================
Received Import Request.
  Time since last request: 0.000612 seconds.
  path: Assets/Free UI build package/Prefabs/Gray/Bars/Bar_5.prefab
  artifactKey: Guid(c593f6bdc20274c548ef02b29069d6a7) Importer(815301076,1909f56bfc062723c751e8b465ee728b)
Start importing Assets/Free UI build package/Prefabs/Gray/Bars/Bar_5.prefab using Guid(c593f6bdc20274c548ef02b29069d6a7) Importer(815301076,1909f56bfc062723c751e8b465ee728b) [PhysX] Initialized MultithreadedTaskDispatcher with 2 workers.
 -> (artifact id: '855e3e487c133de9890a628f54a52967') in 0.035138 seconds
Number of updated asset objects reloaded before import = 0
Number of asset objects unloaded after import = 19
========================================================================
Received Import Request.
  Time since last request: 0.000061 seconds.
  path: Assets/Free UI build package/Prefabs/Gray/Bars/Bar_7.prefab
  artifactKey: Guid(693bee3fb0e2b4bf8a56fb7310d3f3e4) Importer(815301076,1909f56bfc062723c751e8b465ee728b)
Start importing Assets/Free UI build package/Prefabs/Gray/Bars/Bar_7.prefab using Guid(693bee3fb0e2b4bf8a56fb7310d3f3e4) Importer(815301076,1909f56bfc062723c751e8b465ee728b) [PhysX] Initialized MultithreadedTaskDispatcher with 2 workers.
 -> (artifact id: '828f1e28aba60056449221773e78f22d') in 0.057283 seconds
Number of updated asset objects reloaded before import = 0
Number of asset objects unloaded after import = 82
========================================================================
Received Import Request.
  Time since last request: 0.005299 seconds.
  path: Assets/Free UI build package/Prefabs/Gray/Bars/Bar_10.prefab
  artifactKey: Guid(b944233295a5448e684cfda787e2faba) Importer(815301076,1909f56bfc062723c751e8b465ee728b)
Start importing Assets/Free UI build package/Prefabs/Gray/Bars/Bar_10.prefab using Guid(b944233295a5448e684cfda787e2faba) Importer(815301076,1909f56bfc062723c751e8b465ee728b) [PhysX] Initialized MultithreadedTaskDispatcher with 2 workers.
 -> (artifact id: 'd0c88d9d771acb8a6d14e17299fd1866') in 0.027921 seconds
Number of updated asset objects reloaded before import = 0
Number of asset objects unloaded after import = 18
========================================================================
Received Prepare
Begin MonoManager ReloadAssembly
- Loaded All Assemblies, in 98.898 seconds
Refreshing native plugins compatible for Editor in 557.40 ms, found 4 plugins.
Native extension for WindowsStandalone target not found
Native extension for Android target not found
[Package Manager] Server::EnsureServerProcessIsRunning -- launch failed, reason: Unity was launched with the -noUpm command-line argument
[Package Manager] UpmClient::Send -- Unable to send message (not connected to UPM process).
[Package Manager] Cannot connect to Unity Package Manager local server
Mono: successfully reloaded assembly
- Finished resetting the current domain, in 125.603 seconds
Domain Reload Profiling: 224545ms
	BeginReloadAssembly (9138ms)
		ExecutionOrderSort (1ms)
		DisableScriptedObjects (1972ms)
		BackupInstance (0ms)
		ReleaseScriptingObjects (2ms)
		CreateAndSetChildDomain (2909ms)
	RebuildCommonClasses (520ms)
	RebuildNativeTypeToScriptingClass (39ms)
	initialDomainReloadingComplete (204ms)
	LoadAllAssembliesAndSetupDomain (89036ms)
		LoadAssemblies (87476ms)
		RebuildTransferFunctionScriptingTraits (0ms)
		AnalyzeDomain (3119ms)
			TypeCache.Refresh (2778ms)
				TypeCache.ScanAssembly (0ms)
			ScanForSourceGeneratedMonoScriptInfo (3ms)
			ResolveRequiredComponents (298ms)
	FinalizeReload (125607ms)
		ReleaseScriptCaches (0ms)
		RebuildScriptCaches (0ms)
		SetupLoadedEditorAssemblies (2567ms)
			LogAssemblyErrors (0ms)
			InitializePlatformSupportModulesInManaged (157ms)
			SetLoadedEditorAssemblies (32ms)
			RefreshPlugins (0ms)
			BeforeProcessingInitializeOnLoad (582ms)
			ProcessInitializeOnLoadAttributes (1381ms)
			ProcessInitializeOnLoadMethodAttributes (406ms)
			AfterProcessingInitializeOnLoad (8ms)
			EditorAssembliesLoaded (2ms)
		ExecutionOrderSort2 (0ms)
		AwakeInstancesAfterBackupRestoration (50ms)
Shader Hidden/ProbeVolume/VoxelizeScene is not supported: GPU does not support conservative rasterization
Refreshing native plugins compatible for Editor in 550.91 ms, found 4 plugins.
Preloading 0 native plugins for Editor in 0.00 ms.
Unloading 5678 Unused Serialized files (Serialized files now loaded: 0)
Unloading 64 unused Assets / (0.9 MB). Loaded Objects now: 6318.
Memory consumption went from 202.2 MB to 201.2 MB.
Total: 45.738400 ms (FindLiveObjects: 2.404800 ms CreateObjectMapping: 0.760000 ms MarkObjects: 39.926800 ms  DeleteObjects: 2.639600 ms)

Prepare: number of updated asset objects reloaded= 0
AssetImportParameters requested are different than current active one (requested -> active):
  custom:container-demuxer-ogg: 62fdf1f143b41e24485cea50d1cbac27 -> 
  custom:video-codec-MediaFoundation-h265: 746d11721c4dcdbdad8f713fa42b33f4 -> 
  custom:video-decoder-ogg-theora: a1e56fd34408186e4bbccfd4996cb3dc -> 
  custom:framework-win-MediaFoundation: 216162199b28c13a410421893ffa2e32 -> 
  custom:CustomObjectIndexerAttribute: 72b91833f83ae208fae7752999fa3104 -> 
  custom:container-demuxer-webm: 4f35f7cbe854078d1ac9338744f61a02 -> 
  custom:container-muxer-webm: aa71ff27fc2769a1b78a27578f13a17b -> 
  custom:video-decoder-webm-vp8: 9c59270c3fd7afecdb556c50c9e8de78 -> 
  custom:SearchIndexIgnoredProperties: e643bd26f0fe6173181afceb89e7c659 -> 
  custom:AudioImporter_EditorPlatform: d09bf68614088b80899f8185d706f6e7 -> 
  custom:video-encoder-webm-vp8: eb34c28f22e8b96e1ab97ce403110664 -> 
  custom:audio-decoder-ogg-vorbis: bf7c407c2cedff20999df2af8eb42d56 -> 
  custom:audio-encoder-webm-vorbis: bf7c407c2cedff20999df2af8eb42d56 -> 
========================================================================
Received Prepare
Begin MonoManager ReloadAssembly
- Loaded All Assemblies, in 96.716 seconds
Refreshing native plugins compatible for Editor in 1105.21 ms, found 4 plugins.
Native extension for WindowsStandalone target not found
Native extension for Android target not found
[Package Manager] Server::EnsureServerProcessIsRunning -- launch failed, reason: Unity was launched with the -noUpm command-line argument
[Package Manager] UpmClient::Send -- Unable to send message (not connected to UPM process).
[Package Manager] Cannot connect to Unity Package Manager local server
Mono: successfully reloaded assembly
- Finished resetting the current domain, in 161.338 seconds
Domain Reload Profiling: 258079ms
	BeginReloadAssembly (8015ms)
		ExecutionOrderSort (2ms)
		DisableScriptedObjects (768ms)
		BackupInstance (0ms)
		ReleaseScriptingObjects (9ms)
		CreateAndSetChildDomain (3462ms)
	RebuildCommonClasses (368ms)
	RebuildNativeTypeToScriptingClass (118ms)
	initialDomainReloadingComplete (539ms)
	LoadAllAssembliesAndSetupDomain (87698ms)
		LoadAssemblies (88566ms)
		RebuildTransferFunctionScriptingTraits (0ms)
		AnalyzeDomain (1849ms)
			TypeCache.Refresh (1167ms)
				TypeCache.ScanAssembly (0ms)
			ScanForSourceGeneratedMonoScriptInfo (7ms)
			ResolveRequiredComponents (661ms)
	FinalizeReload (161341ms)
		ReleaseScriptCaches (0ms)
		RebuildScriptCaches (0ms)
		SetupLoadedEditorAssemblies (7804ms)
			LogAssemblyErrors (2ms)
			InitializePlatformSupportModulesInManaged (414ms)
			SetLoadedEditorAssemblies (242ms)
			RefreshPlugins (0ms)
			BeforeProcessingInitializeOnLoad (2983ms)
			ProcessInitializeOnLoadAttributes (3458ms)
			ProcessInitializeOnLoadMethodAttributes (692ms)
			AfterProcessingInitializeOnLoad (9ms)
			EditorAssembliesLoaded (3ms)
		ExecutionOrderSort2 (0ms)
		AwakeInstancesAfterBackupRestoration (55ms)
Shader Hidden/ProbeVolume/VoxelizeScene is not supported: GPU does not support conservative rasterization
Refreshing native plugins compatible for Editor in 509.07 ms, found 4 plugins.
Preloading 0 native plugins for Editor in 0.00 ms.
Unloading 5678 Unused Serialized files (Serialized files now loaded: 0)
Unloading 64 unused Assets / (0.9 MB). Loaded Objects now: 6323.
Memory consumption went from 202.2 MB to 201.3 MB.
Total: 25.516400 ms (FindLiveObjects: 1.787600 ms CreateObjectMapping: 1.027300 ms MarkObjects: 20.097800 ms  DeleteObjects: 2.599700 ms)

Prepare: number of updated asset objects reloaded= 0
AssetImportParameters requested are different than current active one (requested -> active):
  custom:container-demuxer-ogg: 62fdf1f143b41e24485cea50d1cbac27 -> 
  custom:video-codec-MediaFoundation-h265: 746d11721c4dcdbdad8f713fa42b33f4 -> 
  custom:video-decoder-ogg-theora: a1e56fd34408186e4bbccfd4996cb3dc -> 
  custom:framework-win-MediaFoundation: 216162199b28c13a410421893ffa2e32 -> 
  custom:CustomObjectIndexerAttribute: 72b91833f83ae208fae7752999fa3104 -> 
  custom:container-demuxer-webm: 4f35f7cbe854078d1ac9338744f61a02 -> 
  custom:container-muxer-webm: aa71ff27fc2769a1b78a27578f13a17b -> 
  custom:video-decoder-webm-vp8: 9c59270c3fd7afecdb556c50c9e8de78 -> 
  custom:SearchIndexIgnoredProperties: e643bd26f0fe6173181afceb89e7c659 -> 
  custom:AudioImporter_EditorPlatform: d09bf68614088b80899f8185d706f6e7 -> 
  custom:video-encoder-webm-vp8: eb34c28f22e8b96e1ab97ce403110664 -> 
  custom:audio-decoder-ogg-vorbis: bf7c407c2cedff20999df2af8eb42d56 -> 
  custom:audio-encoder-webm-vorbis: bf7c407c2cedff20999df2af8eb42d56 -> 
========================================================================
Received Import Request.
  Time since last request: 1341.822923 seconds.
  path: Assets/Scenes
  artifactKey: Guid(109e9bdd0fcc649c5bc59085c35bdc83) Importer(815301076,1909f56bfc062723c751e8b465ee728b)
Start importing Assets/Scenes using Guid(109e9bdd0fcc649c5bc59085c35bdc83) Importer(815301076,1909f56bfc062723c751e8b465ee728b) [PhysX] Initialized MultithreadedTaskDispatcher with 2 workers.
 -> (artifact id: '9239384e93728702885c48ee3845c2dc') in 0.157281 seconds
Number of updated asset objects reloaded before import = 0
Number of asset objects unloaded after import = 0
========================================================================
Received Import Request.
  Time since last request: 3.717410 seconds.
  path: Assets/Scenes/UI
  artifactKey: Guid(6edbcb7adce580f4ca98ec45dbbe62ec) Importer(815301076,1909f56bfc062723c751e8b465ee728b)
Start importing Assets/Scenes/UI using Guid(6edbcb7adce580f4ca98ec45dbbe62ec) Importer(815301076,1909f56bfc062723c751e8b465ee728b) [PhysX] Initialized MultithreadedTaskDispatcher with 2 workers.
 -> (artifact id: 'ef19295917303af2ebe10229ed80c901') in 0.006846 seconds
Number of updated asset objects reloaded before import = 0
Number of asset objects unloaded after import = 0
========================================================================
Received Import Request.
  Time since last request: 1.464091 seconds.
  path: Assets/Scenes/UI/manu.unity
  artifactKey: Guid(bb3986fc70a0c0b4a9fb50e764106869) Importer(815301076,1909f56bfc062723c751e8b465ee728b)
Start importing Assets/Scenes/UI/manu.unity using Guid(bb3986fc70a0c0b4a9fb50e764106869) Importer(815301076,1909f56bfc062723c751e8b465ee728b) [PhysX] Initialized MultithreadedTaskDispatcher with 2 workers.
 -> (artifact id: '4c08e490a9778673ceb228d59a6ff08c') in 0.006105 seconds
Number of updated asset objects reloaded before import = 0
Number of asset objects unloaded after import = 0
========================================================================
Received Import Request.
  Time since last request: 144.775798 seconds.
  path: Assets/Scenes/Level
  artifactKey: Guid(b41dc84634f33a74d8be182ed487def6) Importer(815301076,1909f56bfc062723c751e8b465ee728b)
Start importing Assets/Scenes/Level using Guid(b41dc84634f33a74d8be182ed487def6) Importer(815301076,1909f56bfc062723c751e8b465ee728b) [PhysX] Initialized MultithreadedTaskDispatcher with 2 workers.
 -> (artifact id: 'fa6ea001b202c835727a7933a05cd24d') in 0.063790 seconds
Number of updated asset objects reloaded before import = 0
Number of asset objects unloaded after import = 0
========================================================================
Received Import Request.
  Time since last request: 0.002832 seconds.
  path: Assets/Scenes/Level/tiles dAMN3_1.asset
  artifactKey: Guid(22c45f73b3ce60b4a8a22fa57cebb288) Importer(815301076,1909f56bfc062723c751e8b465ee728b)
Start importing Assets/Scenes/Level/tiles dAMN3_1.asset using Guid(22c45f73b3ce60b4a8a22fa57cebb288) Importer(815301076,1909f56bfc062723c751e8b465ee728b) [PhysX] Initialized MultithreadedTaskDispatcher with 2 workers.
 -> (artifact id: '38cd10836a4c5ddf904de60aa80afd71') in 4.705770 seconds
Number of updated asset objects reloaded before import = 0
Number of asset objects unloaded after import = 3
========================================================================
Received Import Request.
  Time since last request: 0.000082 seconds.
  path: Assets/Scenes/Level/tiles dAMN3_13.asset
  artifactKey: Guid(947f07138c544da46bd464db40073c4c) Importer(815301076,1909f56bfc062723c751e8b465ee728b)
Start importing Assets/Scenes/Level/tiles dAMN3_13.asset using Guid(947f07138c544da46bd464db40073c4c) Importer(815301076,1909f56bfc062723c751e8b465ee728b) [PhysX] Initialized MultithreadedTaskDispatcher with 2 workers.
 -> (artifact id: 'a2ea9642b166c7ff576a7a05dac0708e') in 0.109006 seconds
Number of updated asset objects reloaded before import = 0
Number of asset objects unloaded after import = 3
========================================================================
Received Import Request.
  Time since last request: 0.000052 seconds.
  path: Assets/Scenes/Level/tiles dAMN3_15.asset
  artifactKey: Guid(4dd3ed510cd3ef04fb74143c0e9aa8f5) Importer(815301076,1909f56bfc062723c751e8b465ee728b)
Start importing Assets/Scenes/Level/tiles dAMN3_15.asset using Guid(4dd3ed510cd3ef04fb74143c0e9aa8f5) Importer(815301076,1909f56bfc062723c751e8b465ee728b) [PhysX] Initialized MultithreadedTaskDispatcher with 2 workers.
 -> (artifact id: '2396b5ef1fa2c25ad3c8339d30636245') in 0.107509 seconds
Number of updated asset objects reloaded before import = 0
Number of asset objects unloaded after import = 3
========================================================================
Received Import Request.
  Time since last request: 0.000436 seconds.
  path: Assets/Scenes/Level/tiles dAMN3_7.asset
  artifactKey: Guid(8cf7986417a36e14cb6974a3d13f277a) Importer(815301076,1909f56bfc062723c751e8b465ee728b)
Start importing Assets/Scenes/Level/tiles dAMN3_7.asset using Guid(8cf7986417a36e14cb6974a3d13f277a) Importer(815301076,1909f56bfc062723c751e8b465ee728b) [PhysX] Initialized MultithreadedTaskDispatcher with 2 workers.
 -> (artifact id: '76b632a8eedb34a3b497bb66546747fa') in 0.165510 seconds
Number of updated asset objects reloaded before import = 0
Number of asset objects unloaded after import = 3
========================================================================
Received Import Request.
  Time since last request: 0.000125 seconds.
  path: Assets/Scenes/Level/tiles dAMN3_19.asset
  artifactKey: Guid(1cd42cb040a6bb04984aee12aaf79aa7) Importer(815301076,1909f56bfc062723c751e8b465ee728b)
Start importing Assets/Scenes/Level/tiles dAMN3_19.asset using Guid(1cd42cb040a6bb04984aee12aaf79aa7) Importer(815301076,1909f56bfc062723c751e8b465ee728b) [PhysX] Initialized MultithreadedTaskDispatcher with 2 workers.
 -> (artifact id: '5283da6ea517c46fc7f069b44a2e1f8f') in 0.349391 seconds
Number of updated asset objects reloaded before import = 0
Number of asset objects unloaded after import = 3
========================================================================
Received Import Request.
  Time since last request: 0.000094 seconds.
  path: Assets/Scenes/Level/level1.unity
  artifactKey: Guid(5d09adf78bdc51c4db1ba79f58844967) Importer(815301076,1909f56bfc062723c751e8b465ee728b)
Start importing Assets/Scenes/Level/level1.unity using Guid(5d09adf78bdc51c4db1ba79f58844967) Importer(815301076,1909f56bfc062723c751e8b465ee728b) [PhysX] Initialized MultithreadedTaskDispatcher with 2 workers.
 -> (artifact id: '59633f7df646c092d8d2a808a8e6bf51') in 0.094631 seconds
Number of updated asset objects reloaded before import = 0
Number of asset objects unloaded after import = 0
========================================================================
Received Import Request.
  Time since last request: 0.000499 seconds.
  path: Assets/Scenes/Level/tiles dAMN3.png
  artifactKey: Guid(7b4f3ba2ffd756b40964d5d19d9c5142) Importer(815301076,1909f56bfc062723c751e8b465ee728b)
Start importing Assets/Scenes/Level/tiles dAMN3.png using Guid(7b4f3ba2ffd756b40964d5d19d9c5142) Importer(815301076,1909f56bfc062723c751e8b465ee728b) [PhysX] Initialized MultithreadedTaskDispatcher with 2 workers.
[PhysX] Initialized MultithreadedTaskDispatcher with 2 workers.
 -> (artifact id: '768d048ee7c037d527a5c40870fd2d58') in 7.351455 seconds
Number of updated asset objects reloaded before import = 0
Number of asset objects unloaded after import = 224
========================================================================
Received Import Request.
  Time since last request: 0.000078 seconds.
  path: Assets/Scenes/Level/tiles dAMN3_20.asset
  artifactKey: Guid(d5367aca5b624b449b7e57a7d975f929) Importer(815301076,1909f56bfc062723c751e8b465ee728b)
Start importing Assets/Scenes/Level/tiles dAMN3_20.asset using Guid(d5367aca5b624b449b7e57a7d975f929) Importer(815301076,1909f56bfc062723c751e8b465ee728b) [PhysX] Initialized MultithreadedTaskDispatcher with 2 workers.
 -> (artifact id: 'c8f44e5384942cd27f52dcffca94975b') in 0.097607 seconds
Number of updated asset objects reloaded before import = 0
Number of asset objects unloaded after import = 3
========================================================================
Received Import Request.
  Time since last request: 0.000560 seconds.
  path: Assets/Scenes/Level/tiles dAMN3_18.asset
  artifactKey: Guid(37e44f5e4cee82b4ba69daeb7e57b800) Importer(815301076,1909f56bfc062723c751e8b465ee728b)
Start importing Assets/Scenes/Level/tiles dAMN3_18.asset using Guid(37e44f5e4cee82b4ba69daeb7e57b800) Importer(815301076,1909f56bfc062723c751e8b465ee728b) [PhysX] Initialized MultithreadedTaskDispatcher with 2 workers.
 -> (artifact id: '1f1d49d96dd75acc3c4f9376bb512c90') in 0.650640 seconds
Number of updated asset objects reloaded before import = 0
Number of asset objects unloaded after import = 3
========================================================================
Received Import Request.
  Time since last request: 0.000066 seconds.
  path: Assets/Scenes/Level/tiles dAMN3_23.asset
  artifactKey: Guid(0fd4f9e53d7353944bd99f369fed0ab7) Importer(815301076,1909f56bfc062723c751e8b465ee728b)
Start importing Assets/Scenes/Level/tiles dAMN3_23.asset using Guid(0fd4f9e53d7353944bd99f369fed0ab7) Importer(815301076,1909f56bfc062723c751e8b465ee728b) [PhysX] Initialized MultithreadedTaskDispatcher with 2 workers.
 -> (artifact id: '64e37404c67debbb8dd63a9d9601a7b5') in 1.613820 seconds
Number of updated asset objects reloaded before import = 0
Number of asset objects unloaded after import = 3
========================================================================
Received Import Request.
  Time since last request: 0.000456 seconds.
  path: Assets/Scenes/Level/tiles dAMN3_10.asset
  artifactKey: Guid(d063e4d9ca8f0124eae964439a9e74c5) Importer(815301076,1909f56bfc062723c751e8b465ee728b)
Start importing Assets/Scenes/Level/tiles dAMN3_10.asset using Guid(d063e4d9ca8f0124eae964439a9e74c5) Importer(815301076,1909f56bfc062723c751e8b465ee728b) [PhysX] Initialized MultithreadedTaskDispatcher with 2 workers.
 -> (artifact id: '9450aa4600e0f51da149cb07a3c543d0') in 1.360240 seconds
Number of updated asset objects reloaded before import = 0
Number of asset objects unloaded after import = 3
========================================================================
Received Import Request.
  Time since last request: 0.000052 seconds.
  path: Assets/Scenes/Level/tiles dAMN3_9.asset
  artifactKey: Guid(7fc0d7b31dc139645a13e6337dd5b6d6) Importer(815301076,1909f56bfc062723c751e8b465ee728b)
Start importing Assets/Scenes/Level/tiles dAMN3_9.asset using Guid(7fc0d7b31dc139645a13e6337dd5b6d6) Importer(815301076,1909f56bfc062723c751e8b465ee728b) [PhysX] Initialized MultithreadedTaskDispatcher with 2 workers.
 -> (artifact id: '26c58d742c6fdc00a07ba4cd98049044') in 3.071959 seconds
Number of updated asset objects reloaded before import = 0
Number of asset objects unloaded after import = 3
========================================================================
Received Import Request.
  Time since last request: 0.000388 seconds.
  path: Assets/Scenes/Level/tiles dAMN3_6.asset
  artifactKey: Guid(0420dddfad16c3f4693b480f40740b2d) Importer(815301076,1909f56bfc062723c751e8b465ee728b)
Start importing Assets/Scenes/Level/tiles dAMN3_6.asset using Guid(0420dddfad16c3f4693b480f40740b2d) Importer(815301076,1909f56bfc062723c751e8b465ee728b) [PhysX] Initialized MultithreadedTaskDispatcher with 2 workers.
 -> (artifact id: 'fd36aa5e7d6b5db71083be546c402070') in 1.285033 seconds
Number of updated asset objects reloaded before import = 0
Number of asset objects unloaded after import = 3
========================================================================
Received Import Request.
  Time since last request: 0.000615 seconds.
  path: Assets/Scenes/Level/tiles dAMN3_11.asset
  artifactKey: Guid(01e47e5f17d241f40aba14c440c255d0) Importer(815301076,1909f56bfc062723c751e8b465ee728b)
Start importing Assets/Scenes/Level/tiles dAMN3_11.asset using Guid(01e47e5f17d241f40aba14c440c255d0) Importer(815301076,1909f56bfc062723c751e8b465ee728b) [PhysX] Initialized MultithreadedTaskDispatcher with 2 workers.
 -> (artifact id: '0a01f37adce52a9db9e25c6bf4bb93b1') in 1.870511 seconds
Number of updated asset objects reloaded before import = 0
Number of asset objects unloaded after import = 3
========================================================================
Received Import Request.
  Time since last request: 0.000660 seconds.
  path: Assets/Scenes/Level/tiles dAMN3_24.asset
  artifactKey: Guid(c74fc5a927fcf4547815680bb0ea8df1) Importer(815301076,1909f56bfc062723c751e8b465ee728b)
Start importing Assets/Scenes/Level/tiles dAMN3_24.asset using Guid(c74fc5a927fcf4547815680bb0ea8df1) Importer(815301076,1909f56bfc062723c751e8b465ee728b) [PhysX] Initialized MultithreadedTaskDispatcher with 2 workers.
 -> (artifact id: '7a8c59c4096c1f2c4bee242d899f5f88') in 1.539769 seconds
Number of updated asset objects reloaded before import = 0
Number of asset objects unloaded after import = 3
========================================================================
Received Import Request.
  Time since last request: 0.000557 seconds.
  path: Assets/Scenes/Level/tiles dAMN3_3.asset
  artifactKey: Guid(a8f3f9b2bd7725b4fb8708c4afb44765) Importer(815301076,1909f56bfc062723c751e8b465ee728b)
Start importing Assets/Scenes/Level/tiles dAMN3_3.asset using Guid(a8f3f9b2bd7725b4fb8708c4afb44765) Importer(815301076,1909f56bfc062723c751e8b465ee728b) [PhysX] Initialized MultithreadedTaskDispatcher with 2 workers.
 -> (artifact id: 'e209c6bd14d684d1aec5b9a80702ba1e') in 1.488578 seconds
Number of updated asset objects reloaded before import = 0
Number of asset objects unloaded after import = 3
========================================================================
Received Import Request.
  Time since last request: 0.002514 seconds.
  path: Assets/Scenes/Level/tiles dAMN3_12.asset
  artifactKey: Guid(a21615b7bb684654c86df894993e3aef) Importer(815301076,1909f56bfc062723c751e8b465ee728b)
Start importing Assets/Scenes/Level/tiles dAMN3_12.asset using Guid(a21615b7bb684654c86df894993e3aef) Importer(815301076,1909f56bfc062723c751e8b465ee728b) [PhysX] Initialized MultithreadedTaskDispatcher with 2 workers.
 -> (artifact id: 'b0f75c249f2e467b02709a40e7e3c395') in 1.723091 seconds
Number of updated asset objects reloaded before import = 0
Number of asset objects unloaded after import = 3
========================================================================
Received Import Request.
  Time since last request: 0.000932 seconds.
  path: Assets/Scenes/Level/level1palette.prefab
  artifactKey: Guid(5fae3a928dbaa614595e07130339c10c) Importer(815301076,1909f56bfc062723c751e8b465ee728b)
Start importing Assets/Scenes/Level/level1palette.prefab using Guid(5fae3a928dbaa614595e07130339c10c) Importer(815301076,1909f56bfc062723c751e8b465ee728b) [PhysX] Initialized MultithreadedTaskDispatcher with 2 workers.
[PhysX] Initialized MultithreadedTaskDispatcher with 2 workers.
 -> (artifact id: 'd4a0cc867fdb1a8b80d6820e2ff3db35') in 41.289368 seconds
Number of updated asset objects reloaded before import = 0
Number of asset objects unloaded after import = 480
========================================================================
Received Import Request.
  Time since last request: 0.000084 seconds.
  path: Assets/Scenes/Level/tiles dAMN3_4.asset
  artifactKey: Guid(e3836e5ddbdeb804192f6e25eb883ebb) Importer(815301076,1909f56bfc062723c751e8b465ee728b)
Start importing Assets/Scenes/Level/tiles dAMN3_4.asset using Guid(e3836e5ddbdeb804192f6e25eb883ebb) Importer(815301076,1909f56bfc062723c751e8b465ee728b) [PhysX] Initialized MultithreadedTaskDispatcher with 2 workers.
 -> (artifact id: 'a900ba9362143b23100cc6877dd51c7a') in 0.452046 seconds
Number of updated asset objects reloaded before import = 0
Number of asset objects unloaded after import = 3
========================================================================
Received Import Request.
  Time since last request: 0.000624 seconds.
  path: Assets/Scenes/Level/tiles dAMN3_0.asset
  artifactKey: Guid(c5ce93c263f103d4ebb35ac07c1f4762) Importer(815301076,1909f56bfc062723c751e8b465ee728b)
Start importing Assets/Scenes/Level/tiles dAMN3_0.asset using Guid(c5ce93c263f103d4ebb35ac07c1f4762) Importer(815301076,1909f56bfc062723c751e8b465ee728b) [PhysX] Initialized MultithreadedTaskDispatcher with 2 workers.
 -> (artifact id: '1e229b02166ad0755908f17c669b2821') in 0.172139 seconds
Number of updated asset objects reloaded before import = 0
Number of asset objects unloaded after import = 3
========================================================================
Received Import Request.
  Time since last request: 0.001126 seconds.
  path: Assets/Scenes/Level/tiles dAMN3_16.asset
  artifactKey: Guid(816b589a870f7244bb7dbae0b9359a54) Importer(815301076,1909f56bfc062723c751e8b465ee728b)
Start importing Assets/Scenes/Level/tiles dAMN3_16.asset using Guid(816b589a870f7244bb7dbae0b9359a54) Importer(815301076,1909f56bfc062723c751e8b465ee728b) [PhysX] Initialized MultithreadedTaskDispatcher with 2 workers.
 -> (artifact id: 'f115d78b7913b6c454add344bef3c202') in 0.323418 seconds
Number of updated asset objects reloaded before import = 0
Number of asset objects unloaded after import = 3
========================================================================
Received Import Request.
  Time since last request: 0.001731 seconds.
  path: Assets/Scenes/Level/tiles dAMN3_14.asset
  artifactKey: Guid(8f5ae572563117a40a65e95eb21878cf) Importer(815301076,1909f56bfc062723c751e8b465ee728b)
Start importing Assets/Scenes/Level/tiles dAMN3_14.asset using Guid(8f5ae572563117a40a65e95eb21878cf) Importer(815301076,1909f56bfc062723c751e8b465ee728b) [PhysX] Initialized MultithreadedTaskDispatcher with 2 workers.
 -> (artifact id: '8324a08239cbda38a39e9bc3e1c76dee') in 0.173919 seconds
Number of updated asset objects reloaded before import = 0
Number of asset objects unloaded after import = 3
========================================================================
Received Import Request.
  Time since last request: 0.000732 seconds.
  path: Assets/Scenes/Level/tiles dAMN3_17.asset
  artifactKey: Guid(de90e049602650149aac110eb251051a) Importer(815301076,1909f56bfc062723c751e8b465ee728b)
Start importing Assets/Scenes/Level/tiles dAMN3_17.asset using Guid(de90e049602650149aac110eb251051a) Importer(815301076,1909f56bfc062723c751e8b465ee728b) [PhysX] Initialized MultithreadedTaskDispatcher with 2 workers.
 -> (artifact id: 'd038fbdb87a1a7bca668fae6a7d02388') in 0.369095 seconds
Number of updated asset objects reloaded before import = 0
Number of asset objects unloaded after import = 3
========================================================================
Received Import Request.
  Time since last request: 0.000413 seconds.
  path: Assets/Scenes/Level/tiles dAMN3_21.asset
  artifactKey: Guid(c83c75a89004e49419a31d69ce3c68e9) Importer(815301076,1909f56bfc062723c751e8b465ee728b)
Start importing Assets/Scenes/Level/tiles dAMN3_21.asset using Guid(c83c75a89004e49419a31d69ce3c68e9) Importer(815301076,1909f56bfc062723c751e8b465ee728b) [PhysX] Initialized MultithreadedTaskDispatcher with 2 workers.
 -> (artifact id: '0c88068337aa4aa3a31f0326cf29231e') in 0.192001 seconds
Number of updated asset objects reloaded before import = 0
Number of asset objects unloaded after import = 3
========================================================================
Received Import Request.
  Time since last request: 0.002963 seconds.
  path: Assets/Scenes/Level/tiles dAMN3_8.asset
  artifactKey: Guid(cac1d12843ed81f46b6710a1c54c3555) Importer(815301076,1909f56bfc062723c751e8b465ee728b)
Start importing Assets/Scenes/Level/tiles dAMN3_8.asset using Guid(cac1d12843ed81f46b6710a1c54c3555) Importer(815301076,1909f56bfc062723c751e8b465ee728b) [PhysX] Initialized MultithreadedTaskDispatcher with 2 workers.
 -> (artifact id: '424b881a52b74a501bd0dfa52b605b63') in 0.154534 seconds
Number of updated asset objects reloaded before import = 0
Number of asset objects unloaded after import = 3
========================================================================
Received Import Request.
  Time since last request: 0.000870 seconds.
  path: Assets/Scenes/Level/tiles dAMN3_5.asset
  artifactKey: Guid(91533cf654416a34bbf48d802411d98d) Importer(815301076,1909f56bfc062723c751e8b465ee728b)
Start importing Assets/Scenes/Level/tiles dAMN3_5.asset using Guid(91533cf654416a34bbf48d802411d98d) Importer(815301076,1909f56bfc062723c751e8b465ee728b) [PhysX] Initialized MultithreadedTaskDispatcher with 2 workers.
 -> (artifact id: 'a5dd40c01370abb98d01002780fa2cbf') in 0.098531 seconds
Number of updated asset objects reloaded before import = 0
Number of asset objects unloaded after import = 3
========================================================================
Received Import Request.
  Time since last request: 0.000724 seconds.
  path: Assets/Scenes/Level/tiles dAMN3_2.asset
  artifactKey: Guid(bcd896f01099725488b6dfcad0f3f81c) Importer(815301076,1909f56bfc062723c751e8b465ee728b)
Start importing Assets/Scenes/Level/tiles dAMN3_2.asset using Guid(bcd896f01099725488b6dfcad0f3f81c) Importer(815301076,1909f56bfc062723c751e8b465ee728b) [PhysX] Initialized MultithreadedTaskDispatcher with 2 workers.
 -> (artifact id: '722bbf83aff5a223a1e6d4e223cf2e90') in 0.203772 seconds
Number of updated asset objects reloaded before import = 0
Number of asset objects unloaded after import = 3
========================================================================
Received Import Request.
  Time since last request: 0.000629 seconds.
  path: Assets/Scenes/Level/tiles dAMN3_22.asset
  artifactKey: Guid(a1ea9ee6d7a0c37409b1726b318deb89) Importer(815301076,1909f56bfc062723c751e8b465ee728b)
Start importing Assets/Scenes/Level/tiles dAMN3_22.asset using Guid(a1ea9ee6d7a0c37409b1726b318deb89) Importer(815301076,1909f56bfc062723c751e8b465ee728b) [PhysX] Initialized MultithreadedTaskDispatcher with 2 workers.
 -> (artifact id: 'af2596eacffdeeebbdea3a1c4ea6a641') in 0.106818 seconds
Number of updated asset objects reloaded before import = 0
Number of asset objects unloaded after import = 3
========================================================================
Received Import Request.
  Time since last request: 41.043931 seconds.
  path: Assets/monsters/Something/Sprites/1.png
  artifactKey: Guid(e875c157fe55b5c488fd3a6b0a97fc1d) Importer(815301076,1909f56bfc062723c751e8b465ee728b)
Start importing Assets/monsters/Something/Sprites/1.png using Guid(e875c157fe55b5c488fd3a6b0a97fc1d) Importer(815301076,1909f56bfc062723c751e8b465ee728b) [PhysX] Initialized MultithreadedTaskDispatcher with 2 workers.
[PhysX] Initialized MultithreadedTaskDispatcher with 2 workers.
 -> (artifact id: '97be333b36eae8ffab5407b899578204') in 1.581479 seconds
Number of updated asset objects reloaded before import = 0
Number of asset objects unloaded after import = 17
========================================================================
Received Import Request.
  Time since last request: 0.006856 seconds.
  path: Assets/monsters/Something/Sprites/BOSS_LEFT_WLK.png
  artifactKey: Guid(aa58beff259fff247bc42c467c980b25) Importer(815301076,1909f56bfc062723c751e8b465ee728b)
Start importing Assets/monsters/Something/Sprites/BOSS_LEFT_WLK.png using Guid(aa58beff259fff247bc42c467c980b25) Importer(815301076,1909f56bfc062723c751e8b465ee728b) [PhysX] Initialized MultithreadedTaskDispatcher with 2 workers.
[PhysX] Initialized MultithreadedTaskDispatcher with 2 workers.
 -> (artifact id: '308b966cedd0951883be526a52055f32') in 1.938721 seconds
Number of updated asset objects reloaded before import = 0
Number of asset objects unloaded after import = 11
========================================================================
Received Prepare
Begin MonoManager ReloadAssembly
- Loaded All Assemblies, in 100.206 seconds
Refreshing native plugins compatible for Editor in 148.78 ms, found 4 plugins.
Native extension for WindowsStandalone target not found
Native extension for Android target not found
[Package Manager] Server::EnsureServerProcessIsRunning -- launch failed, reason: Unity was launched with the -noUpm command-line argument
[Package Manager] UpmClient::Send -- Unable to send message (not connected to UPM process).
[Package Manager] Cannot connect to Unity Package Manager local server
Mono: successfully reloaded assembly
- Finished resetting the current domain, in 129.437 seconds
Domain Reload Profiling: 229675ms
	BeginReloadAssembly (16008ms)
		ExecutionOrderSort (1ms)
		DisableScriptedObjects (983ms)
		BackupInstance (0ms)
		ReleaseScriptingObjects (26ms)
		CreateAndSetChildDomain (6982ms)
	RebuildCommonClasses (211ms)
	RebuildNativeTypeToScriptingClass (93ms)
	initialDomainReloadingComplete (270ms)
	LoadAllAssembliesAndSetupDomain (83653ms)
		LoadAssemblies (87651ms)
		RebuildTransferFunctionScriptingTraits (0ms)
		AnalyzeDomain (1951ms)
			TypeCache.Refresh (1759ms)
				TypeCache.ScanAssembly (0ms)
			ScanForSourceGeneratedMonoScriptInfo (7ms)
			ResolveRequiredComponents (180ms)
	FinalizeReload (129441ms)
		ReleaseScriptCaches (0ms)
		RebuildScriptCaches (0ms)
		SetupLoadedEditorAssemblies (6752ms)
			LogAssemblyErrors (1ms)
			InitializePlatformSupportModulesInManaged (312ms)
			SetLoadedEditorAssemblies (72ms)
			RefreshPlugins (0ms)
			BeforeProcessingInitializeOnLoad (1995ms)
			ProcessInitializeOnLoadAttributes (3836ms)
			ProcessInitializeOnLoadMethodAttributes (521ms)
			AfterProcessingInitializeOnLoad (12ms)
			EditorAssembliesLoaded (3ms)
		ExecutionOrderSort2 (0ms)
		AwakeInstancesAfterBackupRestoration (79ms)
Shader Hidden/ProbeVolume/VoxelizeScene is not supported: GPU does not support conservative rasterization
Refreshing native plugins compatible for Editor in 10694.54 ms, found 4 plugins.
Preloading 0 native plugins for Editor in 0.00 ms.
Unloading 5678 Unused Serialized files (Serialized files now loaded: 0)
Unloading 64 unused Assets / (0.9 MB). Loaded Objects now: 6401.
Memory consumption went from 202.9 MB to 202.0 MB.
Total: 1138.273700 ms (FindLiveObjects: 16.487400 ms CreateObjectMapping: 1.695900 ms MarkObjects: 765.999500 ms  DeleteObjects: 354.084200 ms)

Prepare: number of updated asset objects reloaded= 0
AssetImportParameters requested are different than current active one (requested -> active):
  custom:container-demuxer-ogg: 62fdf1f143b41e24485cea50d1cbac27 -> 
  custom:video-codec-MediaFoundation-h265: 746d11721c4dcdbdad8f713fa42b33f4 -> 
  custom:video-decoder-ogg-theora: a1e56fd34408186e4bbccfd4996cb3dc -> 
  custom:framework-win-MediaFoundation: 216162199b28c13a410421893ffa2e32 -> 
  custom:CustomObjectIndexerAttribute: 72b91833f83ae208fae7752999fa3104 -> 
  custom:container-demuxer-webm: 4f35f7cbe854078d1ac9338744f61a02 -> 
  custom:container-muxer-webm: aa71ff27fc2769a1b78a27578f13a17b -> 
  custom:video-decoder-webm-vp8: 9c59270c3fd7afecdb556c50c9e8de78 -> 
  custom:SearchIndexIgnoredProperties: e643bd26f0fe6173181afceb89e7c659 -> 
  custom:AudioImporter_EditorPlatform: d09bf68614088b80899f8185d706f6e7 -> 
  custom:video-encoder-webm-vp8: eb34c28f22e8b96e1ab97ce403110664 -> 
  custom:audio-decoder-ogg-vorbis: bf7c407c2cedff20999df2af8eb42d56 -> 
  custom:audio-encoder-webm-vorbis: bf7c407c2cedff20999df2af8eb42d56 -> 
========================================================================
Received Prepare
Begin MonoManager ReloadAssembly
- Loaded All Assemblies, in 62.312 seconds
Refreshing native plugins compatible for Editor in 165.74 ms, found 4 plugins.
Native extension for WindowsStandalone target not found
Native extension for Android target not found
[Package Manager] Server::EnsureServerProcessIsRunning -- launch failed, reason: Unity was launched with the -noUpm command-line argument
[Package Manager] UpmClient::Send -- Unable to send message (not connected to UPM process).
[Package Manager] Cannot connect to Unity Package Manager local server
Mono: successfully reloaded assembly
- Finished resetting the current domain, in 157.603 seconds
Domain Reload Profiling: 219921ms
	BeginReloadAssembly (3199ms)
		ExecutionOrderSort (2ms)
		DisableScriptedObjects (369ms)
		BackupInstance (0ms)
		ReleaseScriptingObjects (7ms)
		CreateAndSetChildDomain (1111ms)
	RebuildCommonClasses (2363ms)
	RebuildNativeTypeToScriptingClass (47ms)
	initialDomainReloadingComplete (273ms)
	LoadAllAssembliesAndSetupDomain (56433ms)
		LoadAssemblies (57593ms)
		RebuildTransferFunctionScriptingTraits (0ms)
		AnalyzeDomain (240ms)
			TypeCache.Refresh (64ms)
				TypeCache.ScanAssembly (0ms)
			ScanForSourceGeneratedMonoScriptInfo (2ms)
			ResolveRequiredComponents (167ms)
	FinalizeReload (157606ms)
		ReleaseScriptCaches (0ms)
		RebuildScriptCaches (0ms)
		SetupLoadedEditorAssemblies (2331ms)
			LogAssemblyErrors (0ms)
			InitializePlatformSupportModulesInManaged (120ms)
			SetLoadedEditorAssemblies (35ms)
			RefreshPlugins (0ms)
			BeforeProcessingInitializeOnLoad (514ms)
			ProcessInitializeOnLoadAttributes (1352ms)
			ProcessInitializeOnLoadMethodAttributes (300ms)
			AfterProcessingInitializeOnLoad (8ms)
			EditorAssembliesLoaded (2ms)
		ExecutionOrderSort2 (0ms)
		AwakeInstancesAfterBackupRestoration (68ms)
Shader Hidden/ProbeVolume/VoxelizeScene is not supported: GPU does not support conservative rasterization
Refreshing native plugins compatible for Editor in 1418.12 ms, found 4 plugins.
Preloading 0 native plugins for Editor in 0.00 ms.
Unloading 5678 Unused Serialized files (Serialized files now loaded: 0)
Unloading 64 unused Assets / (0.9 MB). Loaded Objects now: 6406.
Memory consumption went from 202.8 MB to 201.9 MB.
Total: 237.077000 ms (FindLiveObjects: 2.264400 ms CreateObjectMapping: 0.908800 ms MarkObjects: 231.406200 ms  DeleteObjects: 2.493100 ms)

Prepare: number of updated asset objects reloaded= 0
AssetImportParameters requested are different than current active one (requested -> active):
  custom:container-demuxer-ogg: 62fdf1f143b41e24485cea50d1cbac27 -> 
  custom:video-codec-MediaFoundation-h265: 746d11721c4dcdbdad8f713fa42b33f4 -> 
  custom:video-decoder-ogg-theora: a1e56fd34408186e4bbccfd4996cb3dc -> 
  custom:framework-win-MediaFoundation: 216162199b28c13a410421893ffa2e32 -> 
  custom:CustomObjectIndexerAttribute: 72b91833f83ae208fae7752999fa3104 -> 
  custom:container-demuxer-webm: 4f35f7cbe854078d1ac9338744f61a02 -> 
  custom:container-muxer-webm: aa71ff27fc2769a1b78a27578f13a17b -> 
  custom:video-decoder-webm-vp8: 9c59270c3fd7afecdb556c50c9e8de78 -> 
  custom:SearchIndexIgnoredProperties: e643bd26f0fe6173181afceb89e7c659 -> 
  custom:AudioImporter_EditorPlatform: d09bf68614088b80899f8185d706f6e7 -> 
  custom:video-encoder-webm-vp8: eb34c28f22e8b96e1ab97ce403110664 -> 
  custom:audio-decoder-ogg-vorbis: bf7c407c2cedff20999df2af8eb42d56 -> 
  custom:audio-encoder-webm-vorbis: bf7c407c2cedff20999df2af8eb42d56 -> 
========================================================================
Received Prepare
Begin MonoManager ReloadAssembly
- Loaded All Assemblies, in 56.810 seconds
Refreshing native plugins compatible for Editor in 137.74 ms, found 4 plugins.
Native extension for WindowsStandalone target not found
Native extension for Android target not found
[Package Manager] Server::EnsureServerProcessIsRunning -- launch failed, reason: Unity was launched with the -noUpm command-line argument
[Package Manager] UpmClient::Send -- Unable to send message (not connected to UPM process).
[Package Manager] Cannot connect to Unity Package Manager local server
Mono: successfully reloaded assembly
- Finished resetting the current domain, in 83.281 seconds
Domain Reload Profiling: 140126ms
	BeginReloadAssembly (5599ms)
		ExecutionOrderSort (0ms)
		DisableScriptedObjects (386ms)
		BackupInstance (0ms)
		ReleaseScriptingObjects (3ms)
		CreateAndSetChildDomain (3138ms)
	RebuildCommonClasses (196ms)
	RebuildNativeTypeToScriptingClass (60ms)
	initialDomainReloadingComplete (292ms)
	LoadAllAssembliesAndSetupDomain (50696ms)
		LoadAssemblies (51800ms)
		RebuildTransferFunctionScriptingTraits (0ms)
		AnalyzeDomain (312ms)
			TypeCache.Refresh (224ms)
				TypeCache.ScanAssembly (0ms)
			ScanForSourceGeneratedMonoScriptInfo (3ms)
			ResolveRequiredComponents (76ms)
	FinalizeReload (83284ms)
		ReleaseScriptCaches (0ms)
		RebuildScriptCaches (0ms)
		SetupLoadedEditorAssemblies (3850ms)
			LogAssemblyErrors (0ms)
			InitializePlatformSupportModulesInManaged (178ms)
			SetLoadedEditorAssemblies (33ms)
			RefreshPlugins (0ms)
			BeforeProcessingInitializeOnLoad (819ms)
			ProcessInitializeOnLoadAttributes (2242ms)
			ProcessInitializeOnLoadMethodAttributes (562ms)
			AfterProcessingInitializeOnLoad (12ms)
			EditorAssembliesLoaded (3ms)
		ExecutionOrderSort2 (0ms)
		AwakeInstancesAfterBackupRestoration (103ms)
Shader Hidden/ProbeVolume/VoxelizeScene is not supported: GPU does not support conservative rasterization
Refreshing native plugins compatible for Editor in 558.65 ms, found 4 plugins.
Preloading 0 native plugins for Editor in 0.00 ms.
Unloading 5678 Unused Serialized files (Serialized files now loaded: 0)
Unloading 64 unused Assets / (0.9 MB). Loaded Objects now: 6411.
Memory consumption went from 202.8 MB to 201.8 MB.
Total: 22.049100 ms (FindLiveObjects: 2.226900 ms CreateObjectMapping: 0.762300 ms MarkObjects: 17.493800 ms  DeleteObjects: 1.563200 ms)

Prepare: number of updated asset objects reloaded= 0
AssetImportParameters requested are different than current active one (requested -> active):
  custom:container-demuxer-ogg: 62fdf1f143b41e24485cea50d1cbac27 -> 
  custom:video-codec-MediaFoundation-h265: 746d11721c4dcdbdad8f713fa42b33f4 -> 
  custom:video-decoder-ogg-theora: a1e56fd34408186e4bbccfd4996cb3dc -> 
  custom:framework-win-MediaFoundation: 216162199b28c13a410421893ffa2e32 -> 
  custom:CustomObjectIndexerAttribute: 72b91833f83ae208fae7752999fa3104 -> 
  custom:container-demuxer-webm: 4f35f7cbe854078d1ac9338744f61a02 -> 
  custom:container-muxer-webm: aa71ff27fc2769a1b78a27578f13a17b -> 
  custom:video-decoder-webm-vp8: 9c59270c3fd7afecdb556c50c9e8de78 -> 
  custom:SearchIndexIgnoredProperties: e643bd26f0fe6173181afceb89e7c659 -> 
  custom:AudioImporter_EditorPlatform: d09bf68614088b80899f8185d706f6e7 -> 
  custom:video-encoder-webm-vp8: eb34c28f22e8b96e1ab97ce403110664 -> 
  custom:audio-decoder-ogg-vorbis: bf7c407c2cedff20999df2af8eb42d56 -> 
  custom:audio-encoder-webm-vorbis: bf7c407c2cedff20999df2af8eb42d56 -> 
========================================================================
Received Import Request.
  Time since last request: 2613.646739 seconds.
  path: Assets/Scenes/Level/tiles dAMN3_25.asset
  artifactKey: Guid(5cc4aa1c9ef0972449d4ebc4f7d54136) Importer(815301076,1909f56bfc062723c751e8b465ee728b)
Start importing Assets/Scenes/Level/tiles dAMN3_25.asset using Guid(5cc4aa1c9ef0972449d4ebc4f7d54136) Importer(815301076,1909f56bfc062723c751e8b465ee728b) [PhysX] Initialized MultithreadedTaskDispatcher with 2 workers.
 -> (artifact id: '34ad9dcea856e06ed500a28beb2843b8') in 3.911830 seconds
Number of updated asset objects reloaded before import = 0
Number of asset objects unloaded after import = 3
========================================================================
Received Import Request.
  Time since last request: 0.000398 seconds.
  path: Assets/Scenes/Level/tiles dAMN3_27.asset
  artifactKey: Guid(46cee495b63607a429e5f958b0044031) Importer(815301076,1909f56bfc062723c751e8b465ee728b)
Start importing Assets/Scenes/Level/tiles dAMN3_27.asset using Guid(46cee495b63607a429e5f958b0044031) Importer(815301076,1909f56bfc062723c751e8b465ee728b) [PhysX] Initialized MultithreadedTaskDispatcher with 2 workers.
 -> (artifact id: '35f468a2c77344d4049c8a4b764c64e9') in 1.383920 seconds
Number of updated asset objects reloaded before import = 0
Number of asset objects unloaded after import = 3
========================================================================
Received Import Request.
  Time since last request: 0.019210 seconds.
  path: Assets/Scenes/Level/tiles dAMN3_26.asset
  artifactKey: Guid(74270d5669229f740b6dc8e2c8618866) Importer(815301076,1909f56bfc062723c751e8b465ee728b)
Start importing Assets/Scenes/Level/tiles dAMN3_26.asset using Guid(74270d5669229f740b6dc8e2c8618866) Importer(815301076,1909f56bfc062723c751e8b465ee728b) [PhysX] Initialized MultithreadedTaskDispatcher with 2 workers.
 -> (artifact id: '487cc6ed361fd464ff9864c5c11b8979') in 0.777272 seconds
Number of updated asset objects reloaded before import = 0
Number of asset objects unloaded after import = 3
========================================================================
Received Prepare
Begin MonoManager ReloadAssembly
